INFO  2026-03-21T12:25:57.632+00:00 ThreadId(18) [1P:op-settings/src/store/json_store.rs:75] Settings file created @ 2025-11-07 15:11:23.865219888 UTC and last modified @ 2025-11-07 15:11:31.242219540 UTC
INFO  2026-03-21T12:25:57.660+00:00 ThreadId(18) [client:typescript] Client starting.
INFO  2026-03-21T12:25:57.810+00:00 1p-enable-crash-reporter(ThreadId(21)) [1P:op-b5-client/src/b5_client/features/mod.rs:384] Using feature-rollout-service for pre-registration features.
WARN  2026-03-21T12:25:57.810+00:00 1p-enable-crash-reporter(ThreadId(21)) [1P:op-b5-client/src/b5_client/features/mod.rs:443] Device UUID missing; setting headers to omit device UUID for pre-reg features request to service.
INFO  2026-03-21T12:25:57.827+00:00 ThreadId(18) [1P:op-localization/src/lib.rs:240] system locale detected as 'en-US'
INFO  2026-03-21T12:25:57.827+00:00 ThreadId(18) [1P:op-localization/src/lib.rs:266] selected translations for EN_US based on detected locale en-US
INFO  2026-03-21T12:25:57.827+00:00 ThreadId(18) [status:app/op-app/src/app.rs:1074] App::new(1Password for Linux/81206039 (EN_US), /home/<redacted-username>/.config/1Password)
INFO  2026-03-21T12:25:57.875+00:00 ThreadId(18) [1P:data/op-db/src/sqlite.rs:265] Core DB Integrity Check Succeeded
INFO  2026-03-21T12:25:57.875+00:00 ThreadId(18) [1P:data/op-db/src/sqlite.rs:359] Starting Core DB at version: 61
INFO  2026-03-21T12:25:57.876+00:00 ThreadId(18) [1P:data/op-db/src/sqlite.rs:234] Core DB Table Integrity Check Succeeded
INFO  2026-03-21T12:25:57.884+00:00 ThreadId(18) [1P:data/op-db/src/sqlite.rs:265] Resources DB Integrity Check Succeeded
INFO  2026-03-21T12:25:57.884+00:00 ThreadId(18) [1P:data/op-db/src/sqlite.rs:234] Resources DB Table Integrity Check Succeeded
INFO  2026-03-21T12:25:57.884+00:00 ThreadId(18) [1P:data/op-db/src/sqlite.rs:359] Starting Resources DB at version: 3
ERROR 2026-03-21T12:25:57.913+00:00 ThreadId(18) [1P:/mnt/ephemeral/builds/dev/core/core/ssh/op-ssh-config/src/lib.rs:251] Failed to start ssh config file watcher: Io(Os { code: 2, kind: NotFound, message: "No such file or directory" })
INFO  2026-03-21T12:25:57.914+00:00 runtime-worker(ThreadId(11)) [1P:op-b5-client/src/b5_client/features/mod.rs:384] Using feature-rollout-service for pre-registration features.
INFO  2026-03-21T12:25:57.925+00:00 ThreadId(18) [1P:native-messaging/op-nm-installer/src/nix_utils.rs:68] Created NMH manifest at /home/<redacted-username>/.config/google-chrome/NativeMessagingHosts/com.1password.1password.json
INFO  2026-03-21T12:25:57.925+00:00 ThreadId(18) [1P:native-messaging/op-nm-installer/src/nix_utils.rs:68] Created NMH manifest at /home/<redacted-username>/.config/google-chrome-beta/NativeMessagingHosts/com.1password.1password.json
INFO  2026-03-21T12:25:57.925+00:00 ThreadId(18) [1P:native-messaging/op-nm-installer/src/nix_utils.rs:68] Created NMH manifest at /home/<redacted-username>/.config/google-chrome-unstable/NativeMessagingHosts/com.1password.1password.json
INFO  2026-03-21T12:25:57.925+00:00 ThreadId(18) [1P:native-messaging/op-nm-installer/src/nix_utils.rs:68] Created NMH manifest at /home/<redacted-username>/.config/chromium/NativeMessagingHosts/com.1password.1password.json
INFO  2026-03-21T12:25:57.925+00:00 ThreadId(18) [1P:native-messaging/op-nm-installer/src/nix_utils.rs:68] Created NMH manifest at /home/<redacted-username>/.config/microsoft-edge-dev/NativeMessagingHosts/com.1password.1password.json
INFO  2026-03-21T12:25:57.925+00:00 ThreadId(18) [1P:native-messaging/op-nm-installer/src/nix_utils.rs:68] Created NMH manifest at /home/<redacted-username>/.config/BraveSoftware/Brave-Browser/NativeMessagingHosts/com.1password.1password.json
INFO  2026-03-21T12:25:57.925+00:00 ThreadId(18) [1P:native-messaging/op-nm-installer/src/nix_utils.rs:68] Created NMH manifest at /home/<redacted-username>/.config/vivaldi/NativeMessagingHosts/com.1password.1password.json
INFO  2026-03-21T12:25:57.925+00:00 ThreadId(18) [1P:native-messaging/op-nm-installer/src/nix_utils.rs:68] Created NMH manifest at /home/<redacted-username>/.config/vivaldi-snapshot/NativeMessagingHosts/com.1password.1password.json
INFO  2026-03-21T12:25:57.925+00:00 ThreadId(18) [1P:native-messaging/op-nm-installer/src/nix_utils.rs:68] Created NMH manifest at /home/<redacted-username>/.mozilla/native-messaging-hosts/com.1password.1password.json
INFO  2026-03-21T12:25:57.925+00:00 ThreadId(18) [1P:native-messaging/op-nm-installer/src/nix_utils.rs:83] Successfully installed all native messaging manifests.
INFO  2026-03-21T12:25:57.926+00:00 runtime-worker(ThreadId(11)) [1P:native-messaging/op-nm-installer/src/nix_utils.rs:68] Created NMH manifest at /home/<redacted-username>/.config/google-chrome/NativeMessagingHosts/com.1password.1password.json
INFO  2026-03-21T12:25:57.926+00:00 runtime-worker(ThreadId(11)) [1P:native-messaging/op-nm-installer/src/nix_utils.rs:68] Created NMH manifest at /home/<redacted-username>/.config/google-chrome-beta/NativeMessagingHosts/com.1password.1password.json
INFO  2026-03-21T12:25:57.926+00:00 runtime-worker(ThreadId(11)) [1P:native-messaging/op-nm-installer/src/nix_utils.rs:68] Created NMH manifest at /home/<redacted-username>/.config/google-chrome-unstable/NativeMessagingHosts/com.1password.1password.json
INFO  2026-03-21T12:25:57.926+00:00 runtime-worker(ThreadId(11)) [1P:native-messaging/op-nm-installer/src/nix_utils.rs:68] Created NMH manifest at /home/<redacted-username>/.config/chromium/NativeMessagingHosts/com.1password.1password.json
INFO  2026-03-21T12:25:57.926+00:00 runtime-worker(ThreadId(11)) [1P:native-messaging/op-nm-installer/src/nix_utils.rs:68] Created NMH manifest at /home/<redacted-username>/.config/microsoft-edge-dev/NativeMessagingHosts/com.1password.1password.json
INFO  2026-03-21T12:25:57.926+00:00 runtime-worker(ThreadId(11)) [1P:native-messaging/op-nm-installer/src/nix_utils.rs:68] Created NMH manifest at /home/<redacted-username>/.config/BraveSoftware/Brave-Browser/NativeMessagingHosts/com.1password.1password.json
INFO  2026-03-21T12:25:57.926+00:00 runtime-worker(ThreadId(11)) [1P:native-messaging/op-nm-installer/src/nix_utils.rs:68] Created NMH manifest at /home/<redacted-username>/.config/vivaldi/NativeMessagingHosts/com.1password.1password.json
INFO  2026-03-21T12:25:57.926+00:00 runtime-worker(ThreadId(11)) [1P:native-messaging/op-nm-installer/src/nix_utils.rs:68] Created NMH manifest at /home/<redacted-username>/.config/vivaldi-snapshot/NativeMessagingHosts/com.1password.1password.json
INFO  2026-03-21T12:25:57.926+00:00 runtime-worker(ThreadId(1)) [1P:op-global-shortcuts/src/node.rs:38] Global shortcut registration is not available on this system.
INFO  2026-03-21T12:25:57.927+00:00 runtime-worker(ThreadId(1)) [1P:op-global-shortcuts/src/node.rs:38] Global shortcut registration is not available on this system.
INFO  2026-03-21T12:25:57.927+00:00 ThreadId(18) [1P:app/op-app/src/app.rs:1757] initializing Developer Environment mount handler
INFO  2026-03-21T12:25:57.927+00:00 runtime-worker(ThreadId(11)) [1P:native-messaging/op-nm-installer/src/nix_utils.rs:68] Created NMH manifest at /home/<redacted-username>/.mozilla/native-messaging-hosts/com.1password.1password.json
INFO  2026-03-21T12:25:57.927+00:00 runtime-worker(ThreadId(11)) [1P:native-messaging/op-nm-installer/src/nix_utils.rs:83] Successfully installed all native messaging manifests.
INFO  2026-03-21T12:25:57.940+00:00 runtime-worker(ThreadId(16)) [1P:app/op-app-common/src/unlocked_session_keepalive.rs:70] Starting unlocked session keepalive
ERROR 2026-03-21T12:25:57.950+00:00 ThreadId(18) [1P:ffi/op-core-node/src/lib.rs:559] Io(Os { code: 2, kind: NotFound, message: "No such file or directory" })
ERROR 2026-03-21T12:25:57.951+00:00 runtime-worker(ThreadId(11)) [1P:native-messaging/op-native-core-integration/src/lib.rs:762] Listener on SETTING_STATUS has been dropped, unable to communicate changes made to browser SLS setting
INFO  2026-03-21T12:25:57.951+00:00 runtime-worker(ThreadId(16)) [1P:native-messaging/op-native-core-integration/src/lib.rs:568] Starting IPC listener on 1Password-BrowserSupport
INFO  2026-03-21T12:25:57.952+00:00 runtime-worker(ThreadId(16)) [1P:native-messaging/op-native-core-integration/src/lib.rs:580] Active native core integration is awaiting messages
INFO  2026-03-21T12:25:57.952+00:00 runtime-worker(ThreadId(1)) [1P:ssh/op-agent-controller/src/lib.rs:584] Starting filesystem watcher for SSH agent configuration directories...
ERROR 2026-03-21T12:25:57.953+00:00 runtime-worker(ThreadId(1)) [1P:/mnt/ephemeral/builds/dev/core/core/ssh/op-agent-controller/src/lib.rs:585] Io(Os { code: 2, kind: NotFound, message: "No such file or directory" })
INFO  2026-03-21T12:25:58.171+00:00 1p-enable-crash-reporter(ThreadId(21)) [1P:op-crash-reporting/src/crash_handler.rs:276] Started crash handler thread
INFO  2026-03-21T12:25:58.635+00:00 runtime-worker(ThreadId(15)) [1P:app/op-app/src/app/backend/lock_screen.rs:107] System unlock is enabled: true
INFO  2026-03-21T12:25:58.636+00:00 runtime-worker(ThreadId(15)) [1P:app/op-app/src/app/backend/lock_screen.rs:135] Sys auth status NotSetup
INFO  2026-03-21T12:26:01.104+00:00 runtime-worker(ThreadId(11)) [1P:app/op-app/src/app/backend/frontend.rs:22] Front end event: window closed
