INFO  2026-03-26T18:29:00.358+00:00 ThreadId(18) [1P:op-settings/src/store/json_store.rs:75] Settings file created @ 2025-11-07 15:11:23.865219888 UTC and last modified @ 2025-11-07 15:11:31.242219540 UTC
INFO  2026-03-26T18:29:00.374+00:00 ThreadId(18) [client:typescript] Client starting.
INFO  2026-03-26T18:29:00.530+00:00 1p-enable-crash-reporter(ThreadId(21)) [1P:op-b5-client/src/b5_client/features/mod.rs:384] Using feature-rollout-service for pre-registration features.
WARN  2026-03-26T18:29:00.530+00:00 1p-enable-crash-reporter(ThreadId(21)) [1P:op-b5-client/src/b5_client/features/mod.rs:443] Device UUID missing; setting headers to omit device UUID for pre-reg features request to service.
INFO  2026-03-26T18:29:00.545+00:00 ThreadId(18) [1P:op-localization/src/lib.rs:240] system locale detected as 'en-US'
INFO  2026-03-26T18:29:00.545+00:00 ThreadId(18) [1P:op-localization/src/lib.rs:266] selected translations for EN_US based on detected locale en-US
INFO  2026-03-26T18:29:00.545+00:00 ThreadId(18) [status:app/op-app/src/app.rs:1108] App::new(1Password for Linux/81208026 (EN_US), /home/<redacted-username>/.config/1Password)
INFO  2026-03-26T18:29:00.596+00:00 ThreadId(18) [1P:data/op-db/src/sqlite.rs:271] Core DB Integrity Check Succeeded
INFO  2026-03-26T18:29:00.596+00:00 ThreadId(18) [1P:data/op-db/src/sqlite.rs:365] Starting Core DB at version: 61
INFO  2026-03-26T18:29:00.596+00:00 ThreadId(18) [1P:data/op-db/src/sqlite.rs:240] Core DB Table Integrity Check Succeeded
INFO  2026-03-26T18:29:00.606+00:00 ThreadId(18) [1P:data/op-db/src/sqlite.rs:271] Resources DB Integrity Check Succeeded
INFO  2026-03-26T18:29:00.606+00:00 ThreadId(18) [1P:data/op-db/src/sqlite.rs:240] Resources DB Table Integrity Check Succeeded
INFO  2026-03-26T18:29:00.607+00:00 ThreadId(18) [1P:data/op-db/src/sqlite.rs:365] Starting Resources DB at version: 3
ERROR 2026-03-26T18:29:00.632+00:00 ThreadId(18) [1P:data/op-feature-flags-db/src/lib.rs:309] unrecognized feature flag; is this version of 1Password out of date? Was a pre-reg flag confused with an account-based flag?
ERROR 2026-03-26T18:29:00.636+00:00 ThreadId(18) [1P:/mnt/ephemeral/builds/dev/core/core/ssh/op-ssh-config/src/lib.rs:251] Failed to start ssh config file watcher: Io(Os { code: 2, kind: NotFound, message: "No such file or directory" })
INFO  2026-03-26T18:29:00.637+00:00 runtime-worker(ThreadId(16)) [1P:op-b5-client/src/b5_client/features/mod.rs:384] Using feature-rollout-service for pre-registration features.
INFO  2026-03-26T18:29:00.643+00:00 ThreadId(18) [1P:native-messaging/op-nm-installer/src/nix_utils.rs:68] Created NMH manifest at /home/<redacted-username>/.config/google-chrome/NativeMessagingHosts/com.1password.1password.json
INFO  2026-03-26T18:29:00.643+00:00 ThreadId(18) [1P:native-messaging/op-nm-installer/src/nix_utils.rs:68] Created NMH manifest at /home/<redacted-username>/.config/google-chrome-beta/NativeMessagingHosts/com.1password.1password.json
INFO  2026-03-26T18:29:00.643+00:00 ThreadId(18) [1P:native-messaging/op-nm-installer/src/nix_utils.rs:68] Created NMH manifest at /home/<redacted-username>/.config/google-chrome-unstable/NativeMessagingHosts/com.1password.1password.json
INFO  2026-03-26T18:29:00.643+00:00 ThreadId(18) [1P:native-messaging/op-nm-installer/src/nix_utils.rs:68] Created NMH manifest at /home/<redacted-username>/.config/chromium/NativeMessagingHosts/com.1password.1password.json
INFO  2026-03-26T18:29:00.643+00:00 ThreadId(18) [1P:native-messaging/op-nm-installer/src/nix_utils.rs:68] Created NMH manifest at /home/<redacted-username>/.config/microsoft-edge-dev/NativeMessagingHosts/com.1password.1password.json
INFO  2026-03-26T18:29:00.644+00:00 ThreadId(18) [1P:native-messaging/op-nm-installer/src/nix_utils.rs:68] Created NMH manifest at /home/<redacted-username>/.config/BraveSoftware/Brave-Browser/NativeMessagingHosts/com.1password.1password.json
INFO  2026-03-26T18:29:00.644+00:00 ThreadId(18) [1P:native-messaging/op-nm-installer/src/nix_utils.rs:68] Created NMH manifest at /home/<redacted-username>/.config/vivaldi/NativeMessagingHosts/com.1password.1password.json
INFO  2026-03-26T18:29:00.644+00:00 ThreadId(18) [1P:native-messaging/op-nm-installer/src/nix_utils.rs:68] Created NMH manifest at /home/<redacted-username>/.config/vivaldi-snapshot/NativeMessagingHosts/com.1password.1password.json
INFO  2026-03-26T18:29:00.644+00:00 ThreadId(18) [1P:native-messaging/op-nm-installer/src/nix_utils.rs:68] Created NMH manifest at /home/<redacted-username>/.mozilla/native-messaging-hosts/com.1password.1password.json
INFO  2026-03-26T18:29:00.644+00:00 ThreadId(18) [1P:native-messaging/op-nm-installer/src/nix_utils.rs:83] Successfully installed all native messaging manifests.
INFO  2026-03-26T18:29:00.644+00:00 runtime-worker(ThreadId(1)) [1P:op-global-shortcuts/src/node.rs:38] Global shortcut registration is not available on this system.
INFO  2026-03-26T18:29:00.644+00:00 runtime-worker(ThreadId(9)) [1P:op-global-shortcuts/src/node.rs:38] Global shortcut registration is not available on this system.
INFO  2026-03-26T18:29:00.644+00:00 runtime-worker(ThreadId(16)) [1P:native-messaging/op-nm-installer/src/nix_utils.rs:68] Created NMH manifest at /home/<redacted-username>/.config/google-chrome/NativeMessagingHosts/com.1password.1password.json
INFO  2026-03-26T18:29:00.644+00:00 runtime-worker(ThreadId(16)) [1P:native-messaging/op-nm-installer/src/nix_utils.rs:68] Created NMH manifest at /home/<redacted-username>/.config/google-chrome-beta/NativeMessagingHosts/com.1password.1password.json
INFO  2026-03-26T18:29:00.644+00:00 runtime-worker(ThreadId(16)) [1P:native-messaging/op-nm-installer/src/nix_utils.rs:68] Created NMH manifest at /home/<redacted-username>/.config/google-chrome-unstable/NativeMessagingHosts/com.1password.1password.json
INFO  2026-03-26T18:29:00.644+00:00 runtime-worker(ThreadId(16)) [1P:native-messaging/op-nm-installer/src/nix_utils.rs:68] Created NMH manifest at /home/<redacted-username>/.config/chromium/NativeMessagingHosts/com.1password.1password.json
INFO  2026-03-26T18:29:00.644+00:00 runtime-worker(ThreadId(16)) [1P:native-messaging/op-nm-installer/src/nix_utils.rs:68] Created NMH manifest at /home/<redacted-username>/.config/microsoft-edge-dev/NativeMessagingHosts/com.1password.1password.json
INFO  2026-03-26T18:29:00.644+00:00 runtime-worker(ThreadId(16)) [1P:native-messaging/op-nm-installer/src/nix_utils.rs:68] Created NMH manifest at /home/<redacted-username>/.config/BraveSoftware/Brave-Browser/NativeMessagingHosts/com.1password.1password.json
INFO  2026-03-26T18:29:00.644+00:00 runtime-worker(ThreadId(16)) [1P:native-messaging/op-nm-installer/src/nix_utils.rs:68] Created NMH manifest at /home/<redacted-username>/.config/vivaldi/NativeMessagingHosts/com.1password.1password.json
INFO  2026-03-26T18:29:00.645+00:00 runtime-worker(ThreadId(16)) [1P:native-messaging/op-nm-installer/src/nix_utils.rs:68] Created NMH manifest at /home/<redacted-username>/.config/vivaldi-snapshot/NativeMessagingHosts/com.1password.1password.json
INFO  2026-03-26T18:29:00.645+00:00 runtime-worker(ThreadId(16)) [1P:native-messaging/op-nm-installer/src/nix_utils.rs:68] Created NMH manifest at /home/<redacted-username>/.mozilla/native-messaging-hosts/com.1password.1password.json
INFO  2026-03-26T18:29:00.645+00:00 runtime-worker(ThreadId(16)) [1P:native-messaging/op-nm-installer/src/nix_utils.rs:83] Successfully installed all native messaging manifests.
INFO  2026-03-26T18:29:00.645+00:00 ThreadId(18) [1P:app/op-app/src/app.rs:1791] initializing Developer Environment mount handler
INFO  2026-03-26T18:29:00.650+00:00 runtime-worker(ThreadId(14)) [1P:app/op-app-common/src/unlocked_session_keepalive.rs:70] Starting unlocked session keepalive
ERROR 2026-03-26T18:29:00.656+00:00 runtime-worker(ThreadId(16)) [1P:native-messaging/op-native-core-integration/src/lib.rs:762] Listener on SETTING_STATUS has been dropped, unable to communicate changes made to browser SLS setting
INFO  2026-03-26T18:29:00.656+00:00 runtime-worker(ThreadId(15)) [1P:native-messaging/op-native-core-integration/src/lib.rs:568] Starting IPC listener on 1Password-BrowserSupport
ERROR 2026-03-26T18:29:00.657+00:00 ThreadId(18) [1P:ffi/op-core-node/src/lib.rs:559] Io(Os { code: 2, kind: NotFound, message: "No such file or directory" })
INFO  2026-03-26T18:29:00.657+00:00 runtime-worker(ThreadId(16)) [1P:native-messaging/op-native-core-integration/src/lib.rs:580] Active native core integration is awaiting messages
INFO  2026-03-26T18:29:00.658+00:00 runtime-worker(ThreadId(16)) [1P:ssh/op-agent-controller/src/lib.rs:584] Starting filesystem watcher for SSH agent configuration directories...
ERROR 2026-03-26T18:29:00.659+00:00 runtime-worker(ThreadId(16)) [1P:/mnt/ephemeral/builds/dev/core/core/ssh/op-agent-controller/src/lib.rs:585] Io(Os { code: 2, kind: NotFound, message: "No such file or directory" })
INFO  2026-03-26T18:29:01.144+00:00 runtime-worker(ThreadId(1)) [1P:app/op-app/src/app/backend/lock_screen.rs:107] System unlock is enabled: true
INFO  2026-03-26T18:29:01.145+00:00 runtime-worker(ThreadId(1)) [1P:app/op-app/src/app/backend/lock_screen.rs:135] Sys auth status NotSetup
ERROR 2026-03-26T18:29:01.281+00:00 1p-enable-crash-reporter(ThreadId(21)) [1P:/mnt/ephemeral/builds/dev/core/core/op-b5-client/src/b5_client/features/mod.rs:475] HttpError((/rustc/254b59607d4417e9dffbc307138ae5c86280fe4c/library/core/src/ops/function.rs:250, IoError(IoError(error sending request for url (<redacted URL>)))))
INFO  2026-03-26T18:29:01.281+00:00 1p-enable-crash-reporter(ThreadId(21)) [1P:op-crash-reporting/src/killswitch.rs:41] Crash reporting temporarily disabled by 1Password.
INFO  2026-03-26T18:29:22.499+00:00 runtime-worker(ThreadId(1)) [1P:app/op-app/src/app/backend/frontend.rs:22] Front end event: window closed
INFO  2026-03-26T18:31:33.117+00:00 runtime-worker(ThreadId(15)) [1P:native-messaging/op-native-core-integration/src/lib.rs:597] Extension connecting.
ERROR 2026-03-26T18:31:45.788+00:00 runtime-worker(ThreadId(1)) [1P:native-messaging/op-native-core-integration/src/connection_handler.rs:92] message from b5x was None: EndConnection
ERROR 2026-03-26T18:31:45.788+00:00 runtime-worker(ThreadId(1)) [1P:native-messaging/op-native-core-integration/src/connection_handler.rs:56] Dropping connection with b5x due to error handling incoming message: EndConnection
INFO  2026-03-26T18:31:49.012+00:00 runtime-worker(ThreadId(1)) [1P:native-messaging/op-native-core-integration/src/lib.rs:597] Extension connecting.
ERROR 2026-03-26T18:32:00.605+00:00 runtime-worker(ThreadId(1)) [1P:native-messaging/op-native-core-integration/src/connection_handler.rs:92] message from b5x was None: EndConnection
ERROR 2026-03-26T18:32:00.605+00:00 runtime-worker(ThreadId(1)) [1P:native-messaging/op-native-core-integration/src/connection_handler.rs:56] Dropping connection with b5x due to error handling incoming message: EndConnection
INFO  2026-03-26T18:32:04.543+00:00 runtime-worker(ThreadId(1)) [1P:native-messaging/op-native-core-integration/src/lib.rs:597] Extension connecting.
ERROR 2026-03-26T18:49:13.280+00:00 runtime-worker(ThreadId(15)) [1P:native-messaging/op-native-core-integration/src/connection_handler.rs:92] message from b5x was None: EndConnection
ERROR 2026-03-26T18:49:13.280+00:00 runtime-worker(ThreadId(15)) [1P:native-messaging/op-native-core-integration/src/connection_handler.rs:56] Dropping connection with b5x due to error handling incoming message: EndConnection
INFO  2026-03-26T19:00:30.872+00:00 runtime-worker(ThreadId(15)) [1P:native-messaging/op-native-core-integration/src/lib.rs:597] Extension connecting.
ERROR 2026-03-26T19:49:55.790+00:00 runtime-worker(ThreadId(1)) [1P:native-messaging/op-native-core-integration/src/connection_handler.rs:92] message from b5x was None: EndConnection
ERROR 2026-03-26T19:49:55.790+00:00 runtime-worker(ThreadId(1)) [1P:native-messaging/op-native-core-integration/src/connection_handler.rs:56] Dropping connection with b5x due to error handling incoming message: EndConnection
INFO  2026-03-26T19:51:00.168+00:00 runtime-worker(ThreadId(1)) [1P:native-messaging/op-native-core-integration/src/lib.rs:597] Extension connecting.
ERROR 2026-03-26T20:00:18.766+00:00 runtime-worker(ThreadId(1)) [1P:native-messaging/op-native-core-integration/src/connection_handler.rs:92] message from b5x was None: EndConnection
ERROR 2026-03-26T20:00:18.766+00:00 runtime-worker(ThreadId(1)) [1P:native-messaging/op-native-core-integration/src/connection_handler.rs:56] Dropping connection with b5x due to error handling incoming message: EndConnection
INFO  2026-03-26T20:02:14.355+00:00 runtime-worker(ThreadId(1)) [1P:native-messaging/op-native-core-integration/src/lib.rs:597] Extension connecting.
ERROR 2026-03-26T20:10:13.478+00:00 runtime-worker(ThreadId(11)) [1P:native-messaging/op-native-core-integration/src/connection_handler.rs:92] message from b5x was None: EndConnection
ERROR 2026-03-26T20:10:13.478+00:00 runtime-worker(ThreadId(11)) [1P:native-messaging/op-native-core-integration/src/connection_handler.rs:56] Dropping connection with b5x due to error handling incoming message: EndConnection
