INFO  2026-03-28T13:42:18.166+00:00 ThreadId(1) [1P:foundation/op-log/src/lib.rs:688] Removed 10 old log files
INFO  2026-03-28T13:42:18.180+00:00 ThreadId(1) [1P:op-settings/src/store/json_store.rs:75] Settings file created @ 2025-11-07 15:11:23.865219888 UTC and last modified @ 2025-11-07 15:11:31.242219540 UTC
INFO  2026-03-28T13:42:18.195+00:00 ThreadId(1) [client:typescript] Client starting.
INFO  2026-03-28T13:42:18.341+00:00 1p-enable-crash-reporter(ThreadId(21)) [1P:op-b5-client/src/b5_client/features/mod.rs:384] Using feature-rollout-service for pre-registration features.
WARN  2026-03-28T13:42:18.341+00:00 1p-enable-crash-reporter(ThreadId(21)) [1P:op-b5-client/src/b5_client/features/mod.rs:443] Device UUID missing; setting headers to omit device UUID for pre-reg features request to service.
INFO  2026-03-28T13:42:18.353+00:00 ThreadId(1) [1P:op-localization/src/lib.rs:240] system locale detected as 'en-US'
INFO  2026-03-28T13:42:18.353+00:00 ThreadId(1) [1P:op-localization/src/lib.rs:266] selected translations for EN_US based on detected locale en-US
INFO  2026-03-28T13:42:18.353+00:00 ThreadId(1) [status:app/op-app/src/app.rs:1108] App::new(1Password for Linux/81208026 (EN_US), /home/<redacted-username>/.config/1Password)
INFO  2026-03-28T13:42:18.406+00:00 ThreadId(1) [1P:data/op-db/src/sqlite.rs:271] Core DB Integrity Check Succeeded
INFO  2026-03-28T13:42:18.406+00:00 ThreadId(1) [1P:data/op-db/src/sqlite.rs:365] Starting Core DB at version: 61
INFO  2026-03-28T13:42:18.406+00:00 ThreadId(1) [1P:data/op-db/src/sqlite.rs:240] Core DB Table Integrity Check Succeeded
INFO  2026-03-28T13:42:18.413+00:00 ThreadId(1) [1P:data/op-db/src/sqlite.rs:271] Resources DB Integrity Check Succeeded
INFO  2026-03-28T13:42:18.413+00:00 ThreadId(1) [1P:data/op-db/src/sqlite.rs:240] Resources DB Table Integrity Check Succeeded
INFO  2026-03-28T13:42:18.413+00:00 ThreadId(1) [1P:data/op-db/src/sqlite.rs:365] Starting Resources DB at version: 3
ERROR 2026-03-28T13:42:18.426+00:00 ThreadId(1) [1P:data/op-feature-flags-db/src/lib.rs:309] unrecognized feature flag; is this version of 1Password out of date? Was a pre-reg flag confused with an account-based flag?
ERROR 2026-03-28T13:42:18.429+00:00 ThreadId(1) [1P:/mnt/ephemeral/builds/dev/core/core/ssh/op-ssh-config/src/lib.rs:251] Failed to start ssh config file watcher: Io(Os { code: 2, kind: NotFound, message: "No such file or directory" })
INFO  2026-03-28T13:42:18.430+00:00 runtime-worker(ThreadId(10)) [1P:op-b5-client/src/b5_client/features/mod.rs:384] Using feature-rollout-service for pre-registration features.
INFO  2026-03-28T13:42:18.434+00:00 ThreadId(1) [1P:native-messaging/op-nm-installer/src/nix_utils.rs:68] Created NMH manifest at /home/<redacted-username>/.config/google-chrome/NativeMessagingHosts/com.1password.1password.json
INFO  2026-03-28T13:42:18.435+00:00 ThreadId(1) [1P:native-messaging/op-nm-installer/src/nix_utils.rs:68] Created NMH manifest at /home/<redacted-username>/.config/google-chrome-beta/NativeMessagingHosts/com.1password.1password.json
INFO  2026-03-28T13:42:18.435+00:00 ThreadId(1) [1P:native-messaging/op-nm-installer/src/nix_utils.rs:68] Created NMH manifest at /home/<redacted-username>/.config/google-chrome-unstable/NativeMessagingHosts/com.1password.1password.json
INFO  2026-03-28T13:42:18.435+00:00 ThreadId(1) [1P:native-messaging/op-nm-installer/src/nix_utils.rs:68] Created NMH manifest at /home/<redacted-username>/.config/chromium/NativeMessagingHosts/com.1password.1password.json
INFO  2026-03-28T13:42:18.435+00:00 ThreadId(1) [1P:native-messaging/op-nm-installer/src/nix_utils.rs:68] Created NMH manifest at /home/<redacted-username>/.config/microsoft-edge-dev/NativeMessagingHosts/com.1password.1password.json
INFO  2026-03-28T13:42:18.435+00:00 ThreadId(1) [1P:native-messaging/op-nm-installer/src/nix_utils.rs:68] Created NMH manifest at /home/<redacted-username>/.config/BraveSoftware/Brave-Browser/NativeMessagingHosts/com.1password.1password.json
INFO  2026-03-28T13:42:18.435+00:00 ThreadId(1) [1P:native-messaging/op-nm-installer/src/nix_utils.rs:68] Created NMH manifest at /home/<redacted-username>/.config/vivaldi/NativeMessagingHosts/com.1password.1password.json
INFO  2026-03-28T13:42:18.435+00:00 ThreadId(1) [1P:native-messaging/op-nm-installer/src/nix_utils.rs:68] Created NMH manifest at /home/<redacted-username>/.config/vivaldi-snapshot/NativeMessagingHosts/com.1password.1password.json
INFO  2026-03-28T13:42:18.435+00:00 ThreadId(1) [1P:native-messaging/op-nm-installer/src/nix_utils.rs:68] Created NMH manifest at /home/<redacted-username>/.mozilla/native-messaging-hosts/com.1password.1password.json
INFO  2026-03-28T13:42:18.435+00:00 ThreadId(1) [1P:native-messaging/op-nm-installer/src/nix_utils.rs:83] Successfully installed all native messaging manifests.
INFO  2026-03-28T13:42:18.435+00:00 runtime-worker(ThreadId(10)) [1P:op-global-shortcuts/src/node.rs:38] Global shortcut registration is not available on this system.
INFO  2026-03-28T13:42:18.435+00:00 runtime-worker(ThreadId(17)) [1P:op-global-shortcuts/src/node.rs:38] Global shortcut registration is not available on this system.
INFO  2026-03-28T13:42:18.436+00:00 runtime-worker(ThreadId(3)) [1P:native-messaging/op-nm-installer/src/nix_utils.rs:68] Created NMH manifest at /home/<redacted-username>/.config/google-chrome/NativeMessagingHosts/com.1password.1password.json
INFO  2026-03-28T13:42:18.436+00:00 runtime-worker(ThreadId(3)) [1P:native-messaging/op-nm-installer/src/nix_utils.rs:68] Created NMH manifest at /home/<redacted-username>/.config/google-chrome-beta/NativeMessagingHosts/com.1password.1password.json
INFO  2026-03-28T13:42:18.436+00:00 runtime-worker(ThreadId(3)) [1P:native-messaging/op-nm-installer/src/nix_utils.rs:68] Created NMH manifest at /home/<redacted-username>/.config/google-chrome-unstable/NativeMessagingHosts/com.1password.1password.json
INFO  2026-03-28T13:42:18.436+00:00 runtime-worker(ThreadId(3)) [1P:native-messaging/op-nm-installer/src/nix_utils.rs:68] Created NMH manifest at /home/<redacted-username>/.config/chromium/NativeMessagingHosts/com.1password.1password.json
INFO  2026-03-28T13:42:18.436+00:00 runtime-worker(ThreadId(3)) [1P:native-messaging/op-nm-installer/src/nix_utils.rs:68] Created NMH manifest at /home/<redacted-username>/.config/microsoft-edge-dev/NativeMessagingHosts/com.1password.1password.json
INFO  2026-03-28T13:42:18.436+00:00 runtime-worker(ThreadId(3)) [1P:native-messaging/op-nm-installer/src/nix_utils.rs:68] Created NMH manifest at /home/<redacted-username>/.config/BraveSoftware/Brave-Browser/NativeMessagingHosts/com.1password.1password.json
INFO  2026-03-28T13:42:18.436+00:00 runtime-worker(ThreadId(3)) [1P:native-messaging/op-nm-installer/src/nix_utils.rs:68] Created NMH manifest at /home/<redacted-username>/.config/vivaldi/NativeMessagingHosts/com.1password.1password.json
INFO  2026-03-28T13:42:18.436+00:00 runtime-worker(ThreadId(3)) [1P:native-messaging/op-nm-installer/src/nix_utils.rs:68] Created NMH manifest at /home/<redacted-username>/.config/vivaldi-snapshot/NativeMessagingHosts/com.1password.1password.json
INFO  2026-03-28T13:42:18.436+00:00 ThreadId(1) [1P:app/op-app/src/app.rs:1791] initializing Developer Environment mount handler
INFO  2026-03-28T13:42:18.436+00:00 runtime-worker(ThreadId(3)) [1P:native-messaging/op-nm-installer/src/nix_utils.rs:68] Created NMH manifest at /home/<redacted-username>/.mozilla/native-messaging-hosts/com.1password.1password.json
INFO  2026-03-28T13:42:18.436+00:00 runtime-worker(ThreadId(3)) [1P:native-messaging/op-nm-installer/src/nix_utils.rs:83] Successfully installed all native messaging manifests.
INFO  2026-03-28T13:42:18.449+00:00 runtime-worker(ThreadId(17)) [1P:app/op-app-common/src/unlocked_session_keepalive.rs:70] Starting unlocked session keepalive
INFO  2026-03-28T13:42:18.454+00:00 runtime-worker(ThreadId(10)) [1P:native-messaging/op-native-core-integration/src/lib.rs:568] Starting IPC listener on 1Password-BrowserSupport
ERROR 2026-03-28T13:42:18.454+00:00 runtime-worker(ThreadId(15)) [1P:native-messaging/op-native-core-integration/src/lib.rs:762] Listener on SETTING_STATUS has been dropped, unable to communicate changes made to browser SLS setting
ERROR 2026-03-28T13:42:18.454+00:00 ThreadId(1) [1P:ffi/op-core-node/src/lib.rs:559] Io(Os { code: 2, kind: NotFound, message: "No such file or directory" })
INFO  2026-03-28T13:42:18.454+00:00 runtime-worker(ThreadId(10)) [1P:native-messaging/op-native-core-integration/src/lib.rs:580] Active native core integration is awaiting messages
INFO  2026-03-28T13:42:18.455+00:00 runtime-worker(ThreadId(15)) [1P:ssh/op-agent-controller/src/lib.rs:584] Starting filesystem watcher for SSH agent configuration directories...
ERROR 2026-03-28T13:42:18.456+00:00 runtime-worker(ThreadId(15)) [1P:/mnt/ephemeral/builds/dev/core/core/ssh/op-agent-controller/src/lib.rs:585] Io(Os { code: 2, kind: NotFound, message: "No such file or directory" })
INFO  2026-03-28T13:42:18.693+00:00 1p-enable-crash-reporter(ThreadId(21)) [1P:op-crash-reporting/src/crash_handler.rs:276] Started crash handler thread
INFO  2026-03-28T13:42:18.861+00:00 runtime-worker(ThreadId(3)) [1P:app/op-app/src/app/backend/lock_screen.rs:107] System unlock is enabled: true
INFO  2026-03-28T13:42:18.861+00:00 runtime-worker(ThreadId(3)) [1P:app/op-app/src/app/backend/lock_screen.rs:135] Sys auth status NotSetup
INFO  2026-03-28T13:42:21.143+00:00 runtime-worker(ThreadId(10)) [1P:app/op-app/src/app/backend/frontend.rs:22] Front end event: window closed
