INFO  2026-03-28T13:51:40.575+00:00 ThreadId(18) [1P:op-settings/src/store/json_store.rs:75] Settings file created @ 2025-11-07 15:11:23.865219888 UTC and last modified @ 2025-11-07 15:11:31.242219540 UTC
INFO  2026-03-28T13:51:40.589+00:00 ThreadId(18) [client:typescript] Client starting.
INFO  2026-03-28T13:51:40.698+00:00 1p-enable-crash-reporter(ThreadId(21)) [1P:op-b5-client/src/b5_client/features/mod.rs:384] Using feature-rollout-service for pre-registration features.
WARN  2026-03-28T13:51:40.698+00:00 1p-enable-crash-reporter(ThreadId(21)) [1P:op-b5-client/src/b5_client/features/mod.rs:443] Device UUID missing; setting headers to omit device UUID for pre-reg features request to service.
INFO  2026-03-28T13:51:40.713+00:00 ThreadId(18) [1P:op-localization/src/lib.rs:240] system locale detected as 'en-US'
INFO  2026-03-28T13:51:40.713+00:00 ThreadId(18) [1P:op-localization/src/lib.rs:266] selected translations for EN_US based on detected locale en-US
INFO  2026-03-28T13:51:40.713+00:00 ThreadId(18) [status:app/op-app/src/app.rs:1108] App::new(1Password for Linux/81208026 (EN_US), /home/<redacted-username>/.config/1Password)
INFO  2026-03-28T13:51:40.782+00:00 ThreadId(18) [1P:data/op-db/src/sqlite.rs:271] Core DB Integrity Check Succeeded
INFO  2026-03-28T13:51:40.783+00:00 ThreadId(18) [1P:data/op-db/src/sqlite.rs:365] Starting Core DB at version: 61
INFO  2026-03-28T13:51:40.783+00:00 ThreadId(18) [1P:data/op-db/src/sqlite.rs:240] Core DB Table Integrity Check Succeeded
INFO  2026-03-28T13:51:40.793+00:00 ThreadId(18) [1P:data/op-db/src/sqlite.rs:271] Resources DB Integrity Check Succeeded
INFO  2026-03-28T13:51:40.793+00:00 ThreadId(18) [1P:data/op-db/src/sqlite.rs:240] Resources DB Table Integrity Check Succeeded
INFO  2026-03-28T13:51:40.793+00:00 ThreadId(18) [1P:data/op-db/src/sqlite.rs:365] Starting Resources DB at version: 3
ERROR 2026-03-28T13:51:40.804+00:00 ThreadId(18) [1P:data/op-feature-flags-db/src/lib.rs:309] unrecognized feature flag; is this version of 1Password out of date? Was a pre-reg flag confused with an account-based flag?
ERROR 2026-03-28T13:51:40.808+00:00 ThreadId(18) [1P:/mnt/ephemeral/builds/dev/core/core/ssh/op-ssh-config/src/lib.rs:251] Failed to start ssh config file watcher: Io(Os { code: 2, kind: NotFound, message: "No such file or directory" })
INFO  2026-03-28T13:51:40.809+00:00 runtime-worker(ThreadId(16)) [1P:op-b5-client/src/b5_client/features/mod.rs:384] Using feature-rollout-service for pre-registration features.
INFO  2026-03-28T13:51:40.815+00:00 ThreadId(18) [1P:native-messaging/op-nm-installer/src/nix_utils.rs:68] Created NMH manifest at /home/<redacted-username>/.config/google-chrome/NativeMessagingHosts/com.1password.1password.json
INFO  2026-03-28T13:51:40.815+00:00 ThreadId(18) [1P:native-messaging/op-nm-installer/src/nix_utils.rs:68] Created NMH manifest at /home/<redacted-username>/.config/google-chrome-beta/NativeMessagingHosts/com.1password.1password.json
INFO  2026-03-28T13:51:40.815+00:00 ThreadId(18) [1P:native-messaging/op-nm-installer/src/nix_utils.rs:68] Created NMH manifest at /home/<redacted-username>/.config/google-chrome-unstable/NativeMessagingHosts/com.1password.1password.json
INFO  2026-03-28T13:51:40.815+00:00 ThreadId(18) [1P:native-messaging/op-nm-installer/src/nix_utils.rs:68] Created NMH manifest at /home/<redacted-username>/.config/chromium/NativeMessagingHosts/com.1password.1password.json
INFO  2026-03-28T13:51:40.816+00:00 ThreadId(18) [1P:native-messaging/op-nm-installer/src/nix_utils.rs:68] Created NMH manifest at /home/<redacted-username>/.config/microsoft-edge-dev/NativeMessagingHosts/com.1password.1password.json
INFO  2026-03-28T13:51:40.816+00:00 ThreadId(18) [1P:native-messaging/op-nm-installer/src/nix_utils.rs:68] Created NMH manifest at /home/<redacted-username>/.config/BraveSoftware/Brave-Browser/NativeMessagingHosts/com.1password.1password.json
INFO  2026-03-28T13:51:40.816+00:00 ThreadId(18) [1P:native-messaging/op-nm-installer/src/nix_utils.rs:68] Created NMH manifest at /home/<redacted-username>/.config/vivaldi/NativeMessagingHosts/com.1password.1password.json
INFO  2026-03-28T13:51:40.816+00:00 ThreadId(18) [1P:native-messaging/op-nm-installer/src/nix_utils.rs:68] Created NMH manifest at /home/<redacted-username>/.config/vivaldi-snapshot/NativeMessagingHosts/com.1password.1password.json
INFO  2026-03-28T13:51:40.816+00:00 ThreadId(18) [1P:native-messaging/op-nm-installer/src/nix_utils.rs:68] Created NMH manifest at /home/<redacted-username>/.mozilla/native-messaging-hosts/com.1password.1password.json
INFO  2026-03-28T13:51:40.816+00:00 ThreadId(18) [1P:native-messaging/op-nm-installer/src/nix_utils.rs:83] Successfully installed all native messaging manifests.
INFO  2026-03-28T13:51:40.816+00:00 runtime-worker(ThreadId(12)) [1P:op-global-shortcuts/src/node.rs:38] Global shortcut registration is not available on this system.
INFO  2026-03-28T13:51:40.816+00:00 runtime-worker(ThreadId(1)) [1P:op-global-shortcuts/src/node.rs:38] Global shortcut registration is not available on this system.
INFO  2026-03-28T13:51:40.817+00:00 runtime-worker(ThreadId(16)) [1P:native-messaging/op-nm-installer/src/nix_utils.rs:68] Created NMH manifest at /home/<redacted-username>/.config/google-chrome/NativeMessagingHosts/com.1password.1password.json
INFO  2026-03-28T13:51:40.817+00:00 runtime-worker(ThreadId(16)) [1P:native-messaging/op-nm-installer/src/nix_utils.rs:68] Created NMH manifest at /home/<redacted-username>/.config/google-chrome-beta/NativeMessagingHosts/com.1password.1password.json
INFO  2026-03-28T13:51:40.817+00:00 runtime-worker(ThreadId(16)) [1P:native-messaging/op-nm-installer/src/nix_utils.rs:68] Created NMH manifest at /home/<redacted-username>/.config/google-chrome-unstable/NativeMessagingHosts/com.1password.1password.json
INFO  2026-03-28T13:51:40.817+00:00 runtime-worker(ThreadId(16)) [1P:native-messaging/op-nm-installer/src/nix_utils.rs:68] Created NMH manifest at /home/<redacted-username>/.config/chromium/NativeMessagingHosts/com.1password.1password.json
INFO  2026-03-28T13:51:40.817+00:00 runtime-worker(ThreadId(16)) [1P:native-messaging/op-nm-installer/src/nix_utils.rs:68] Created NMH manifest at /home/<redacted-username>/.config/microsoft-edge-dev/NativeMessagingHosts/com.1password.1password.json
INFO  2026-03-28T13:51:40.817+00:00 runtime-worker(ThreadId(16)) [1P:native-messaging/op-nm-installer/src/nix_utils.rs:68] Created NMH manifest at /home/<redacted-username>/.config/BraveSoftware/Brave-Browser/NativeMessagingHosts/com.1password.1password.json
INFO  2026-03-28T13:51:40.817+00:00 ThreadId(18) [1P:app/op-app/src/app.rs:1791] initializing Developer Environment mount handler
INFO  2026-03-28T13:51:40.817+00:00 runtime-worker(ThreadId(16)) [1P:native-messaging/op-nm-installer/src/nix_utils.rs:68] Created NMH manifest at /home/<redacted-username>/.config/vivaldi/NativeMessagingHosts/com.1password.1password.json
INFO  2026-03-28T13:51:40.817+00:00 runtime-worker(ThreadId(16)) [1P:native-messaging/op-nm-installer/src/nix_utils.rs:68] Created NMH manifest at /home/<redacted-username>/.config/vivaldi-snapshot/NativeMessagingHosts/com.1password.1password.json
INFO  2026-03-28T13:51:40.818+00:00 runtime-worker(ThreadId(16)) [1P:native-messaging/op-nm-installer/src/nix_utils.rs:68] Created NMH manifest at /home/<redacted-username>/.mozilla/native-messaging-hosts/com.1password.1password.json
INFO  2026-03-28T13:51:40.818+00:00 runtime-worker(ThreadId(16)) [1P:native-messaging/op-nm-installer/src/nix_utils.rs:83] Successfully installed all native messaging manifests.
INFO  2026-03-28T13:51:40.829+00:00 runtime-worker(ThreadId(13)) [1P:app/op-app-common/src/unlocked_session_keepalive.rs:70] Starting unlocked session keepalive
ERROR 2026-03-28T13:51:40.834+00:00 runtime-worker(ThreadId(13)) [1P:native-messaging/op-native-core-integration/src/lib.rs:762] Listener on SETTING_STATUS has been dropped, unable to communicate changes made to browser SLS setting
INFO  2026-03-28T13:51:40.834+00:00 runtime-worker(ThreadId(1)) [1P:native-messaging/op-native-core-integration/src/lib.rs:568] Starting IPC listener on 1Password-BrowserSupport
ERROR 2026-03-28T13:51:40.834+00:00 ThreadId(18) [1P:ffi/op-core-node/src/lib.rs:559] Io(Os { code: 2, kind: NotFound, message: "No such file or directory" })
INFO  2026-03-28T13:51:40.834+00:00 runtime-worker(ThreadId(1)) [1P:native-messaging/op-native-core-integration/src/lib.rs:580] Active native core integration is awaiting messages
INFO  2026-03-28T13:51:40.836+00:00 runtime-worker(ThreadId(10)) [1P:ssh/op-agent-controller/src/lib.rs:584] Starting filesystem watcher for SSH agent configuration directories...
ERROR 2026-03-28T13:51:40.837+00:00 runtime-worker(ThreadId(10)) [1P:/mnt/ephemeral/builds/dev/core/core/ssh/op-agent-controller/src/lib.rs:585] Io(Os { code: 2, kind: NotFound, message: "No such file or directory" })
INFO  2026-03-28T13:51:41.295+00:00 1p-enable-crash-reporter(ThreadId(21)) [1P:op-crash-reporting/src/crash_handler.rs:276] Started crash handler thread
INFO  2026-03-28T13:51:41.368+00:00 runtime-worker(ThreadId(10)) [1P:app/op-app/src/app/backend/lock_screen.rs:107] System unlock is enabled: true
INFO  2026-03-28T13:51:41.369+00:00 runtime-worker(ThreadId(10)) [1P:app/op-app/src/app/backend/lock_screen.rs:135] Sys auth status NotSetup
INFO  2026-03-28T13:51:52.503+00:00 runtime-worker(ThreadId(12)) [1P:app/op-app/src/app/backend/lock_screen.rs:107] System unlock is enabled: true
INFO  2026-03-28T13:51:52.503+00:00 runtime-worker(ThreadId(16)) [1P:app/op-app/src/app/backend/lock_screen.rs:990] Attempting to unlock with master password.
ERROR 2026-03-28T13:51:52.537+00:00 runtime-worker(ThreadId(16)) [1P:data/op-feature-flags-db/src/lib.rs:309] unrecognized feature flag; is this version of 1Password out of date? Was a pre-reg flag confused with an account-based flag?
INFO  2026-03-28T13:51:52.537+00:00 runtime-worker(ThreadId(16)) [1P:/mnt/ephemeral/builds/dev/core/core/data/ext/op-account-ext-settings-authentication/src/lib.rs:241] loaded settings authentication key: 2c8b3d0a3eeca131
INFO  2026-03-28T13:51:52.547+00:00 runtime-worker(ThreadId(1)) [1P:data/ext/op-account-ext-items/src/lib.rs:290] loaded 4 items in 5 vaults for account: IFPNEVHA2NEHZIAWNGJTVOCRMM
INFO  2026-03-28T13:51:52.549+00:00 runtime-worker(ThreadId(16)) [1P:op-telemetry/src/middleware/opt_state.rs:122] op-telemetry: account uuid 'IFPNEVHA2NEHZIAWNGJTVOCRMM' changed telemetry state to Decided(Out)
ERROR 2026-03-28T13:51:52.550+00:00 runtime-worker(ThreadId(12)) [1P:op-auto-lock/src/linux.rs:220] Could not connect to the X server: XcbEventError
INFO  2026-03-28T13:51:52.550+00:00 runtime-worker(ThreadId(12)) [1P:data/ext/op-account-ext-settings-authentication/src/lib.rs:322] exactly one existing key found (2c8b3d0a3eeca131). Applying it to any new accounts
INFO  2026-03-28T13:51:52.550+00:00 runtime-worker(ThreadId(12)) [1P:op-settings/src/store/json_store.rs:787] initializing settings authentication with key 2c8b3d0a3eeca131
INFO  2026-03-28T13:51:52.550+00:00 runtime-worker(ThreadId(12)) [1P:app/op-app/src/app/backend/unlock.rs:203] Lock state changed: Unlocked
INFO  2026-03-28T13:51:52.551+00:00 runtime-worker(ThreadId(12)) [1P:app/op-app/src/app/backend/unlock.rs:297] Processing unlocked account IFPNEVHA2NEHZIAWNGJTVOCRMM
INFO  2026-03-28T13:51:52.572+00:00 runtime-worker(ThreadId(10)) [1P:data/op-account-system-unlock/src/lib.rs:776] Adding system unlock key. Verifying keysets can be decrypted.
INFO  2026-03-28T13:51:52.575+00:00 runtime-worker(ThreadId(10)) [1P:data/op-account-system-unlock/src/lib.rs:782] Adding system unlock key. Encrypting muk.
INFO  2026-03-28T13:51:52.576+00:00 ThreadId(23) [1P:data/op-account-system-unlock/src/lib.rs:788] Adding system unlock key. Updating account.
INFO  2026-03-28T13:51:52.802+00:00 runtime-worker(ThreadId(88)) [1P:app/op-app/src/app/backend/quick_access.rs:186] Getting suggestions for quick access
INFO  2026-03-28T13:51:52.817+00:00 runtime-worker(ThreadId(87)) [1P:app/op-app/src/app/backend/quick_access.rs:186] Getting suggestions for quick access
INFO  2026-03-28T13:51:53.133+00:00 runtime-worker(ThreadId(13)) [1P:op-b5-client/src/internal/unauthorized_session/auth_flow.rs:1041] Skipping MFA because server did not return MFA config
INFO  2026-03-28T13:51:53.264+00:00 runtime-worker(ThreadId(1)) [1P:op-b5-client/src/b5_client/features/mod.rs:384] Using feature-rollout-service for pre-registration features.
INFO  2026-03-28T13:51:53.300+00:00 runtime-worker(ThreadId(10)) [1P:data/ext/op-account-ext-syncer/src/lib.rs:250] The B5 Notifier for (IFPNEVHA2NEHZIAWNGJTVOCRMM) has connected, now monitoring for events.
INFO  2026-03-28T13:51:53.630+00:00 runtime-worker(ThreadId(13)) [1P:data/op-syncer/src/sync_job.rs:477] synced account IFPNEVHA2NEHZIAWNGJTVOCRMM (0.269959065s)
INFO  2026-03-28T13:51:53.630+00:00 runtime-worker(ThreadId(13)) [1P:op-file-transfer/src/lib.rs:732] find_and_complete_pending_uploads: 'IFPNEVHA2NEHZIAWNGJTVOCRMM'
INFO  2026-03-28T13:51:53.638+00:00 runtime-worker(ThreadId(89)) [1P:app/op-app/src/app/backend/quick_access.rs:186] Getting suggestions for quick access
INFO  2026-03-28T13:51:54.234+00:00 runtime-worker(ThreadId(10)) [1P:app/op-app/src/app/backend/frontend.rs:22] Front end event: window closed
INFO  2026-03-28T13:52:44.122+00:00 runtime-worker(ThreadId(10)) [1P:native-messaging/op-native-core-integration/src/lib.rs:597] Extension connecting.
INFO  2026-03-28T13:52:44.527+00:00 runtime-worker(ThreadId(13)) [1P:data/op-syncer/src/sync_job.rs:477] synced account IFPNEVHA2NEHZIAWNGJTVOCRMM (0.011121954s)
INFO  2026-03-28T13:52:44.536+00:00 runtime-worker(ThreadId(90)) [1P:app/op-app/src/app/backend/quick_access.rs:186] Getting suggestions for quick access
ERROR 2026-03-28T13:58:24.405+00:00 runtime-worker(ThreadId(1)) [1P:native-messaging/op-native-core-integration/src/connection_handler.rs:92] message from b5x was None: EndConnection
ERROR 2026-03-28T13:58:24.405+00:00 runtime-worker(ThreadId(1)) [1P:native-messaging/op-native-core-integration/src/connection_handler.rs:56] Dropping connection with b5x due to error handling incoming message: EndConnection
